<?xml version="1.0" encoding="UTF-8"?>
<testsuites name="jest tests" tests="11" failures="0" errors="0" time="1.376">
  <testsuite name="selectFirstAvailableSubscription" errors="0" failures="0" skipped="0" timestamp="2026-08-31T22:26:39" time="0.146" tests="2">
    <testcase classname="selectFirstAvailableSubscription does not clear the selection while options are temporarily empty" name="selectFirstAvailableSubscription does not clear the selection while options are temporarily empty" time="0.001">
    </testcase>
    <testcase classname="selectFirstAvailableSubscription selects the first available subscription when the current value is invalid" name="selectFirstAvailableSubscription selects the first available subscription when the current value is invalid" time="0.001">
    </testcase>
  </testsuite>
  <testsuite name="HealthModelsApi" errors="0" failures="0" skipped="0" timestamp="2026-08-31T22:26:40" time="0.957" tests="8">
    <testcase classname="HealthModelsApi lists health models through the Microsoft.CloudHealth API" name="HealthModelsApi lists health models through the Microsoft.CloudHealth API" time="0.001">
    </testcase>
    <testcase classname="HealthModelsApi follows an absolute ARM continuation link" name="HealthModelsApi follows an absolute ARM continuation link" time="0.001">
    </testcase>
    <testcase classname="HealthModelsApi rejects a continuation link for a different collection" name="HealthModelsApi rejects a continuation link for a different collection" time="0.001">
    </testcase>
    <testcase classname="HealthModelsApi marks results as truncated when the page limit is reached" name="HealthModelsApi marks results as truncated when the page limit is reached" time="0">
    </testcase>
    <testcase classname="Health Models ARM helpers parses a Health Model ARM resource ID" name="Health Models ARM helpers parses a Health Model ARM resource ID" time="0">
    </testcase>
    <testcase classname="Health Models ARM helpers rejects a non-Health-Model ARM resource ID" name="Health Models ARM helpers rejects a non-Health-Model ARM resource ID" time="0.001">
    </testcase>
    <testcase classname="Health Models ARM helpers normalizes a relative continuation link" name="Health Models ARM helpers normalizes a relative continuation link" time="0">
    </testcase>
    <testcase classname="Health Models ARM helpers returns status-specific authorization and throttling messages" name="Health Models ARM helpers returns status-specific authorization and throttling messages" time="0">
    </testcase>
  </testsuite>
  <testsuite name="summarizeHealthStates" errors="0" failures="0" skipped="0" timestamp="2026-08-31T22:26:41" time="0.033" tests="1">
    <testcase classname="summarizeHealthStates counts documented states and groups missing or future values as unknown" name="summarizeHealthStates counts documented states and groups missing or future values as unknown" time="0">
    </testcase>
  </testsuite>
</testsuites>