<?xml version="1.0" encoding="UTF-8"?>
<testsuites name="jest tests" tests="12" failures="0" errors="0" time="0.21">
  <testsuite name="buildHealthGraph" errors="0" failures="0" skipped="0" timestamp="2026-09-01T17:38:56" time="0.088" tests="12">
    <testcase classname="buildHealthGraph nests children below their parent and centres the parent over them" name="buildHealthGraph nests children below their parent and centres the parent over them" time="0.005">
    </testcase>
    <testcase classname="buildHealthGraph uses the relationship display name as the edge label" name="buildHealthGraph uses the relationship display name as the edge label" time="0">
    </testcase>
    <testcase classname="buildHealthGraph falls back to the relationship name when no display name is present" name="buildHealthGraph falls back to the relationship name when no display name is present" time="0">
    </testcase>
    <testcase classname="buildHealthGraph treats entities without a parent as roots, including unrelated orphans" name="buildHealthGraph treats entities without a parent as roots, including unrelated orphans" time="0">
    </testcase>
    <testcase classname="buildHealthGraph counts relationships that reference unknown entities without placing them" name="buildHealthGraph counts relationships that reference unknown entities without placing them" time="0.001">
    </testcase>
    <testcase classname="buildHealthGraph keeps a single parent when several relationships claim the same child" name="buildHealthGraph keeps a single parent when several relationships claim the same child" time="0">
    </testcase>
    <testcase classname="buildHealthGraph terminates and places every entity when relationships form a cycle" name="buildHealthGraph terminates and places every entity when relationships form a cycle" time="0">
    </testcase>
    <testcase classname="buildHealthGraph ignores a relationship that points an entity at itself" name="buildHealthGraph ignores a relationship that points an entity at itself" time="0">
    </testcase>
    <testcase classname="buildHealthGraph staggers adjacent sibling labels so they do not overlap" name="buildHealthGraph staggers adjacent sibling labels so they do not overlap" time="0">
    </testcase>
    <testcase classname="buildHealthGraph staggers labels by rendered position, not by relationship order" name="buildHealthGraph staggers labels by rendered position, not by relationship order" time="0">
    </testcase>
    <testcase classname="buildHealthGraph carries entity health state and icon onto the node" name="buildHealthGraph carries entity health state and icon onto the node" time="0">
    </testcase>
    <testcase classname="buildHealthGraph returns an empty layout when there are no entities" name="buildHealthGraph returns an empty layout when there are no entities" time="0">
    </testcase>
  </testsuite>
</testsuites>